<?xml version="1.0" encoding="UTF-8"?>
<!-- Generated by org.testng.reporters.JUnitReportReporter -->
<testsuite hostname="LTIN203675" failures="0" tests="6" name="test_Book.TestClass" time="136.253" errors="0" timestamp="2024-02-29T17:50:23 IST" skipped="0">
  <testcase classname="test_Book.TestClass" name="VerifyWebsite" time="21.019"/>
  <testcase classname="test_Book.TestClass" name="displayBookShelves" time="47.445"/>
  <testcase classname="test_Book.TestClass" name="ByAtHome" time="23.230"/>
  <testcase classname="test_Book.TestClass" name="giftCard" time="16.209"/>
  <testcase classname="test_Book.TestClass" name="giftCardformNegative" time="16.127"/>
  <testcase classname="test_Book.TestClass" name="giftCardformPositive" time="12.223"/>
</testsuite> <!-- test_Book.TestClass -->
