<?xml version="1.0" encoding="UTF-8"?>
<!-- Generated by org.testng.reporters.JUnitReportReporter -->
<testsuite hostname="LTIN300153" failures="0" tests="2" name="test_Book.Class1" time="2.319" errors="0" timestamp="2024-02-18T10:08:11 IST" skipped="0">
  <testcase classname="test_Book.Class1" name="check_Title" time="2.004"/>
  <testcase classname="test_Book.Class1" name="check_Title" time="0.315"/>
</testsuite> <!-- test_Book.Class1 -->
