<?xml version="1.0" encoding="UTF-8"?>
<!-- Generated by org.testng.reporters.JUnitReportReporter -->
<testsuite hostname="LTIN297590" failures="0" tests="6" name="test_Book.BaseClass" time="111.622" errors="0" timestamp="2024-03-03T14:10:50 IST" skipped="0">
  <testcase classname="test_Book.BaseClass" name="VerifyWebsite" time="20.461"/>
  <testcase classname="test_Book.BaseClass" name="displayBookShelves" time="36.210"/>
  <testcase classname="test_Book.BaseClass" name="ByAtHome" time="21.816"/>
  <testcase classname="test_Book.BaseClass" name="giftCard" time="11.474"/>
  <testcase classname="test_Book.BaseClass" name="giftCardformNegative" time="11.043"/>
  <testcase classname="test_Book.BaseClass" name="giftCardformPositive" time="10.618"/>
</testsuite> <!-- test_Book.BaseClass -->
